2025-03-15 00:59:06 [main] INFO  c.example.todoapi.TodoApiApplication - Starting TodoApiApplication using Java 20 with PID 9864 (/Users/caio.moura/Documents/Development/GitHub/dev_backend/target/classes started by caio.moura in /Users/caio.moura/Documents/Development/GitHub/dev_backend)
2025-03-15 00:59:06 [main] DEBUG c.example.todoapi.TodoApiApplication - Running with Spring Boot v3.2.3, Spring v6.1.4
2025-03-15 00:59:06 [main] INFO  c.example.todoapi.TodoApiApplication - No active profile set, falling back to 1 default profile: "default"
2025-03-15 00:59:07 [main] INFO  o.s.d.r.c.RepositoryConfigurationDelegate - Bootstrapping Spring Data JPA repositories in DEFAULT mode.
2025-03-15 00:59:07 [main] INFO  o.s.d.r.c.RepositoryConfigurationDelegate - Finished Spring Data repository scanning in 23 ms. Found 2 JPA repository interfaces.
2025-03-15 00:59:07 [main] INFO  o.s.b.w.e.tomcat.TomcatWebServer - Tomcat initialized with port 8080 (http)
2025-03-15 00:59:07 [main] INFO  o.a.catalina.core.StandardService - Starting service [Tomcat]
2025-03-15 00:59:07 [main] INFO  o.a.catalina.core.StandardEngine - Starting Servlet engine: [Apache Tomcat/10.1.19]
2025-03-15 00:59:07 [main] INFO  o.a.c.c.C.[Tomcat].[localhost].[/] - Initializing Spring embedded WebApplicationContext
2025-03-15 00:59:07 [main] INFO  o.s.b.w.s.c.ServletWebServerApplicationContext - Root WebApplicationContext: initialization completed in 585 ms
2025-03-15 00:59:07 [main] INFO  com.zaxxer.hikari.HikariDataSource - HikariPool-1 - Starting...
2025-03-15 00:59:07 [main] INFO  com.zaxxer.hikari.pool.HikariPool - HikariPool-1 - Added connection conn0: url=jdbc:h2:mem:tododb user=SA
2025-03-15 00:59:07 [main] INFO  com.zaxxer.hikari.HikariDataSource - HikariPool-1 - Start completed.
2025-03-15 00:59:07 [main] INFO  o.s.b.a.h.H2ConsoleAutoConfiguration - H2 console available at '/h2-console'. Database available at 'jdbc:h2:mem:tododb'
2025-03-15 00:59:07 [main] INFO  o.h.jpa.internal.util.LogHelper - HHH000204: Processing PersistenceUnitInfo [name: default]
2025-03-15 00:59:07 [main] INFO  org.hibernate.Version - HHH000412: Hibernate ORM core version 6.4.4.Final
2025-03-15 00:59:07 [main] INFO  o.h.c.i.RegionFactoryInitiator - HHH000026: Second-level cache disabled
2025-03-15 00:59:07 [main] INFO  o.s.o.j.p.SpringPersistenceUnitInfo - No LoadTimeWeaver setup: ignoring JPA class transformer
2025-03-15 00:59:07 [main] WARN  org.hibernate.orm.deprecation - HHH90000025: H2Dialect does not need to be specified explicitly using 'hibernate.dialect' (remove the property setting and it will be selected by default)
2025-03-15 00:59:08 [main] INFO  o.h.e.t.j.p.i.JtaPlatformInitiator - HHH000489: No JTA platform available (set 'hibernate.transaction.jta.platform' to enable JTA platform integration)
2025-03-15 00:59:08 [main] INFO  o.s.o.j.LocalContainerEntityManagerFactoryBean - Initialized JPA EntityManagerFactory for persistence unit 'default'
2025-03-15 00:59:08 [main] WARN  o.s.b.a.o.j.JpaBaseConfiguration$JpaWebConfiguration - spring.jpa.open-in-view is enabled by default. Therefore, database queries may be performed during view rendering. Explicitly configure spring.jpa.open-in-view to disable this warning
2025-03-15 00:59:08 [main] WARN  o.s.b.a.s.s.UserDetailsServiceAutoConfiguration - 

Using generated security password: 2b02a9a0-d0ca-4647-847e-5185eef47813

This generated password is for development use only. Your security configuration must be updated before running your application in production.

2025-03-15 00:59:08 [main] INFO  o.s.s.web.DefaultSecurityFilterChain - Will secure any request with [org.springframework.security.web.session.DisableEncodeUrlFilter@43c64d6f, org.springframework.security.web.context.request.async.WebAsyncManagerIntegrationFilter@6b247ef6, org.springframework.security.web.context.SecurityContextHolderFilter@1fc4b8d6, org.springframework.security.web.header.HeaderWriterFilter@30d944d8, org.springframework.web.filter.CorsFilter@188532da, org.springframework.security.web.authentication.logout.LogoutFilter@7a57c5d9, org.springframework.security.web.savedrequest.RequestCacheAwareFilter@2dbc66f0, org.springframework.security.web.servletapi.SecurityContextHolderAwareRequestFilter@7d381eae, org.springframework.security.web.authentication.AnonymousAuthenticationFilter@f10927f, org.springframework.security.web.session.SessionManagementFilter@13f17b8f, org.springframework.security.web.access.ExceptionTranslationFilter@3b7b099b, org.springframework.security.web.access.intercept.AuthorizationFilter@3fc2e100]
2025-03-15 00:59:08 [main] INFO  o.s.b.w.e.tomcat.TomcatWebServer - Tomcat started on port 8080 (http) with context path ''
2025-03-15 00:59:08 [main] INFO  c.example.todoapi.TodoApiApplication - Started TodoApiApplication in 2.079 seconds (process running for 2.229)
2025-03-15 00:59:17 [http-nio-8080-exec-2] INFO  o.a.c.c.C.[Tomcat].[localhost].[/] - Initializing Spring DispatcherServlet 'dispatcherServlet'
2025-03-15 00:59:17 [http-nio-8080-exec-2] INFO  o.s.web.servlet.DispatcherServlet - Initializing Servlet 'dispatcherServlet'
2025-03-15 00:59:17 [http-nio-8080-exec-2] INFO  o.s.web.servlet.DispatcherServlet - Completed initialization in 1 ms
2025-03-15 01:00:57 [http-nio-8080-exec-8] INFO  c.e.todoapi.service.TodoService - Buscando todos com filtros - completed: null, priority: null, sortBy: createdAt, sortDirection: DESC
2025-03-15 01:00:57 [http-nio-8080-exec-8] INFO  c.e.todoapi.service.TodoService - Encontrados 0 todos
2025-03-15 01:01:00 [http-nio-8080-exec-9] INFO  c.e.todoapi.service.TodoService - Criando novo todo: Side Project
2025-03-15 01:01:00 [http-nio-8080-exec-9] INFO  c.e.todoapi.service.TodoService - Todo criado com ID: 1
2025-03-15 01:03:17 [SpringApplicationShutdownHook] INFO  o.s.o.j.LocalContainerEntityManagerFactoryBean - Closing JPA EntityManagerFactory for persistence unit 'default'
2025-03-15 01:03:17 [SpringApplicationShutdownHook] INFO  com.zaxxer.hikari.HikariDataSource - HikariPool-1 - Shutdown initiated...
2025-03-15 01:03:17 [SpringApplicationShutdownHook] INFO  com.zaxxer.hikari.HikariDataSource - HikariPool-1 - Shutdown completed.
